##############################################  requestBody start ###################################################

<?xml version="1.0" encoding="utf-8"?>
			<GetOrdersRequest xmlns="urn:ebay:apis:eBLBaseComponents">
				<RequesterCredentials>
					<eBayAuthToken>AgAAAA**AQAAAA**aAAAAA**MojnUQ**nY+sHZ2PrBmdj6wVnY+sEZ2PrA2dj6AEkICjD5OKpQ6dj6x9nY+seQ**J+gBAA**AAMAAA**j/TkaXLF/w3zv+FnwuaFIedPpZ/Q7K45cB9aIzu3mWMLFY9h/wewKQh6AGmYBnYOGjAnDxkee8g0JCus8arGJU338tnJ8rxzEdGx9BrFVaRGI8+1vzZAYW04lu3PTlotvan0mIP6H2OzbrQ7871ob3N7KaqSBcDeYYQGLwbHX8n+rK26Dl8umlZQW8aKSNb2qk3ZFB3HqlnDk65WgbxUpQrQalcvA+J0sEoNO6ThIQNJttTmtVPsF4cx5lBJmx7peWrHJvcv6ABiD6QmtC78OAa/j/68iZ2mD+CDgU/OhlC17S2DpdzHTHpL8A2X88y1KSL7VRKpUB77MS+MgybSVrNkMkI4eeVktjkal+OFAHnXfnWOfevc8UJRqSMSeyBv54+hoi+llEpsqcrVBPxkMGbjoD3zv3wOpHb+NOSU/DKCXRP5qIc0rF4kqSL72MDHu4SJCA4Oc4mPrQwQ2grqIAwq675zsPC1Bt3TDrvyEtfNfBAiydQKrmv1h5TvbvSDAuvIkDNMJi7TtG0Kl7cJ/7SBO+RhQX0Xyp+PaXlfMEKAfubSSFIlwoiwivm+sg0YcB2TC8Fi35vkO3sFFkfzVTPE8NGTfJ9NZOnkToAzBMCSd3NoJ50ZNjCMGzaJqYJdnsmhxSzfDxmud48RT3e7QxYsqZrRflbMsAFIICt0U5EzuoD52DX8XrMdH9bUU9+Woy5fkYl8YG6x7QAQSl++CTcHKzFfwATbLHtAdJuhg9jJ30aPD97MM3HCnZv+16xO</eBayAuthToken>
				</RequesterCredentials>  
				<DetailLevel>ReturnAll</DetailLevel>
				<OrderRole>Seller</OrderRole>
				<OrderStatus>Completed</OrderStatus>
				<OutputSelector>PaginationResult</OutputSelector>
				<OutputSelector>HasMoreOrders</OutputSelector>
				<OutputSelector>ReturnedOrderCountActual</OutputSelector>				
				<OutputSelector>OrderArray.Order.OrderID</OutputSelector>
				<OutputSelector>OrderArray.Order.PaidTime</OutputSelector>
				<OutputSelector>OrderArray.Order.ShippedTime</OutputSelector>
				<OutputSelector>OrderArray.Order.CheckoutStatus</OutputSelector>
				<OutputSelector>OrderArray.Order.CheckoutStatus</OutputSelector>
				<OutputSelector>OrderArray.Order.TransactionArray.Transaction.ShippingDetails.SellingManagerSalesRecordNumber</OutputSelector>
				<ModTimeFrom>2015-03-03T09:52:21</ModTimeFrom>
				<ModTimeTo>2015-03-03T09:52:21</ModTimeTo>
				<Pagination>
					<EntriesPerPage>100</EntriesPerPage>
					<PageNumber>1</PageNumber>
				</Pagination>
				<IncludeFinalValueFee>true</IncludeFinalValueFee>
				<OrderRole>Seller</OrderRole>
				<OrderStatus>All</OrderStatus>
			</GetOrdersRequest>

##############################################  requestBody end   ###################################################



############################################## responseBody start ###################################################

<?xml version="1.0" encoding="UTF-8"?>
<GetOrdersResponse xmlns="urn:ebay:apis:eBLBaseComponents"><Timestamp>2015-03-03T09:50:32.926Z</Timestamp><Ack>Success</Ack><Version>907</Version><Build>E907_CORE_APIXO_17363599_R1</Build><PaginationResult><TotalNumberOfPages>0</TotalNumberOfPages><TotalNumberOfEntries>0</TotalNumberOfEntries></PaginationResult><HasMoreOrders>false</HasMoreOrders><OrderArray/><ReturnedOrderCountActual>0</ReturnedOrderCountActual></GetOrdersResponse>

##############################################  responseBody end  ###################################################